[4704:1176:0801/161826:INFO:AppRunner.cpp(619)] Begin run process geeplayer
[4704:1176:0801/161826:INFO:AppRunner.cpp(623)] ProductName is GeePlayer1
[4704:1176:0801/161826:INFO:AppRunner.cpp(662)] apppluginbase version is 4.3.4.80
[4704:1176:0801/161826:INFO:UIlib.cpp(192)] quilib: version is 4.3.4.78
[4704:1176:0801/161826:INFO:serviceManager.cpp(687)] mainprocessisrunning key is set as 1
[4704:1176:0801/161826:INFO:serviceManager.cpp(800)] create local service plugin PluginServerStatePlugin
[4704:1176:0801/161826:INFO:serviceManager.cpp(857)] plugin PluginServerStatePlugin DoPluginInit
[4704:1176:0801/161826:INFO:serviceManager.cpp(1523)] repository parse over
[4704:1176:0801/161829:INFO:UIManager.cpp(372)] quilib:call set resouce path, path is c:\program files (x86)\iqiyi video\geeplayer\2.5.38.3449\skin
[4704:1176:0801/161829:INFO:UIDlgBuilder.cpp(407)] quilib:create root control failed
[4704:1176:0801/161829:INFO:UIDlgBuilder.cpp(407)] quilib:create root control failed
[4704:1176:0801/161829:INFO:UIDlgBuilder.cpp(407)] quilib:create root control failed
[4704:1176:0801/161829:INFO:UIDlgBuilder.cpp(407)] quilib:create root control failed
[4704:1176:0801/161829:INFO:UIDlgBuilder.cpp(407)] quilib:create root control failed
[4704:1176:0801/161829:INFO:UIDlgBuilder.cpp(407)] quilib:create root control failed
[4704:1176:0801/161835:INFO:AppRunner.cpp(715)] loop exit geeplayer call main plugin DestoryPluginEntry
[4704:1176:0801/161835:INFO:IPlugin.cpp(117)] real plugin mainPlugin call DestroyPlugin
[4704:1176:0801/161835:INFO:IPlugin.cpp(374)] destruct plugin mainPlugin
[4704:1176:0801/161835:INFO:serviceManager.cpp(1608)] mainPlugin plugin had destroy by DestructPlugin
[4704:1176:0801/161835:INFO:serviceManager.cpp(2532)] DestructManager begin
[4704:1176:0801/161835:INFO:IPlugin.cpp(374)] destruct plugin PluginServerStatePlugin
[4704:1176:0801/161835:INFO:IPlugin.cpp(286)] real plugin PluginServerStatePlugin call DestroyPlugin
[4704:1176:0801/161835:INFO:serviceManager.cpp(1608)] PluginServerStatePlugin plugin had destroy by DestructPlugin
[4704:1176:0801/161835:INFO:serviceManager.cpp(2408)] DeleteLeftPlugins begin
[4704:1176:0801/161835:INFO:serviceManager.cpp(2470)] DeleteLeftPlugins end
[4704:1176:0801/161835:INFO:serviceManager.cpp(687)] mainprocessisrunning key is set as 0
[4704:1176:0801/161835:INFO:AppRunner.cpp(730)] close mutex of process geeplayer
[4704:1176:0801/161835:INFO:AppRunner.cpp(738)] run process geeplayer end
[1568:6704:0801/161851:INFO:AppRunner.cpp(619)] Begin run process geeplayer
[1568:6704:0801/161851:INFO:AppRunner.cpp(623)] ProductName is GeePlayer1
[1568:6704:0801/161851:INFO:AppRunner.cpp(662)] apppluginbase version is 4.3.4.80
[1568:6704:0801/161851:INFO:UIlib.cpp(192)] quilib: version is 4.3.4.78
[1568:6704:0801/161851:INFO:serviceManager.cpp(687)] mainprocessisrunning key is set as 1
[1568:6704:0801/161851:INFO:serviceManager.cpp(800)] create local service plugin PluginServerStatePlugin
[1568:6704:0801/161851:INFO:serviceManager.cpp(857)] plugin PluginServerStatePlugin DoPluginInit
[1568:6704:0801/161851:INFO:serviceManager.cpp(1523)] repository parse over
[1568:6704:0801/161852:INFO:UIManager.cpp(372)] quilib:call set resouce path, path is c:\program files (x86)\iqiyi video\geeplayer\2.5.38.3449\skin
[1568:6704:0801/161852:INFO:UIDlgBuilder.cpp(407)] quilib:create root control failed
[1568:6704:0801/161852:INFO:UIDlgBuilder.cpp(407)] quilib:create root control failed
[1568:6704:0801/161852:INFO:UIDlgBuilder.cpp(407)] quilib:create root control failed
[1568:6704:0801/161852:INFO:UIDlgBuilder.cpp(407)] quilib:create root control failed
[1568:6704:0801/161852:INFO:UIDlgBuilder.cpp(407)] quilib:create root control failed
[1568:6704:0801/161852:INFO:UIDlgBuilder.cpp(407)] quilib:create root control failed
[1568:6704:0801/161853:INFO:AppRunner.cpp(715)] loop exit geeplayer call main plugin DestoryPluginEntry
[1568:6704:0801/161853:INFO:IPlugin.cpp(117)] real plugin mainPlugin call DestroyPlugin
[1568:6704:0801/161853:INFO:IPlugin.cpp(374)] destruct plugin mainPlugin
[1568:6704:0801/161853:INFO:serviceManager.cpp(1608)] mainPlugin plugin had destroy by DestructPlugin
[1568:6704:0801/161853:INFO:serviceManager.cpp(2532)] DestructManager begin
[1568:6704:0801/161853:INFO:IPlugin.cpp(374)] destruct plugin PluginServerStatePlugin
[1568:6704:0801/161853:INFO:IPlugin.cpp(286)] real plugin PluginServerStatePlugin call DestroyPlugin
[1568:6704:0801/161853:INFO:serviceManager.cpp(1608)] PluginServerStatePlugin plugin had destroy by DestructPlugin
[1568:6704:0801/161853:INFO:serviceManager.cpp(2408)] DeleteLeftPlugins begin
[1568:6704:0801/161853:INFO:serviceManager.cpp(2470)] DeleteLeftPlugins end
[1568:6704:0801/161853:INFO:serviceManager.cpp(687)] mainprocessisrunning key is set as 0
[1568:6704:0801/161853:INFO:AppRunner.cpp(730)] close mutex of process geeplayer
[1568:6704:0801/161853:INFO:AppRunner.cpp(738)] run process geeplayer end
